c:\users\best\documents\github\simplegamegl\gameengine\gameengine\x64\debug\vc141.pdb
c:\users\best\documents\github\simplegamegl\gameengine\gameengine\x64\debug\vc141.idb
c:\users\best\documents\github\simplegamegl\gameengine\gameengine\x64\debug\game.obj
c:\users\best\documents\github\simplegamegl\gameengine\gameengine\x64\debug\gamelevel.obj
c:\users\best\documents\github\simplegamegl\gameengine\gameengine\x64\debug\main.obj
c:\users\best\documents\github\simplegamegl\gameengine\gameengine\x64\debug\resourcemanager.obj
c:\users\best\documents\github\simplegamegl\gameengine\gameengine\x64\debug\shader.obj
c:\users\best\documents\github\simplegamegl\gameengine\gameengine\x64\debug\sprite.obj
c:\users\best\documents\github\simplegamegl\gameengine\gameengine\x64\debug\sprite_renderer.obj
c:\users\best\documents\github\simplegamegl\gameengine\gameengine\x64\debug\texture.obj
c:\users\best\documents\github\simplegamegl\gameengine\x64\debug\gameengine.pdb
c:\users\best\documents\github\simplegamegl\gameengine\gameengine\x64\debug\gameengine.tlog\cl.command.1.tlog
c:\users\best\documents\github\simplegamegl\gameengine\gameengine\x64\debug\gameengine.tlog\cl.read.1.tlog
c:\users\best\documents\github\simplegamegl\gameengine\gameengine\x64\debug\gameengine.tlog\cl.write.1.tlog
c:\users\best\documents\github\simplegamegl\gameengine\gameengine\x64\debug\gameengine.tlog\link-cvtres.read.1.tlog
c:\users\best\documents\github\simplegamegl\gameengine\gameengine\x64\debug\gameengine.tlog\link-cvtres.write.1.tlog
c:\users\best\documents\github\simplegamegl\gameengine\gameengine\x64\debug\gameengine.tlog\link-rc.read.1.tlog
c:\users\best\documents\github\simplegamegl\gameengine\gameengine\x64\debug\gameengine.tlog\link-rc.write.1.tlog
c:\users\best\documents\github\simplegamegl\gameengine\gameengine\x64\debug\gameengine.tlog\link.command.1.tlog
c:\users\best\documents\github\simplegamegl\gameengine\gameengine\x64\debug\gameengine.tlog\link.read.1.tlog
c:\users\best\documents\github\simplegamegl\gameengine\gameengine\x64\debug\gameengine.tlog\link.write.1.tlog
