  Texture.cpp
  sprite_renderer.cpp
  Sprite.cpp
c:\users\link\documents\github\simplegamegl\gameengine\gameengine\sprite.h(19): error C2011: 'Sprite': 'class' type redefinition
  c:\users\link\documents\github\simplegamegl\gameengine\gameengine\sprite.h(19): note: see declaration of 'Sprite'
c:\users\link\documents\github\simplegamegl\gameengine\gameengine\sprite.cpp(8): error C2027: use of undefined type 'Sprite'
  c:\users\link\documents\github\simplegamegl\gameengine\gameengine\sprite.h(19): note: see declaration of 'Sprite'
c:\users\link\documents\github\simplegamegl\gameengine\gameengine\sprite.cpp(9): error C4430: missing type specifier - int assumed. Note: C++ does not support default-int
c:\users\link\documents\github\simplegamegl\gameengine\gameengine\sprite.cpp(10): error C2550: '{ctor}': constructor initializer lists are only allowed on constructor definitions
c:\users\link\documents\github\simplegamegl\gameengine\gameengine\sprite.cpp(12): error C2355: 'this': can only be referenced inside non-static member functions or non-static data member initializers
c:\users\link\documents\github\simplegamegl\gameengine\gameengine\sprite.cpp(12): error C2661: 'boxCollider::boxCollider': no overloaded function takes 2 arguments
c:\users\link\documents\github\simplegamegl\gameengine\gameengine\sprite.cpp(13): error C2065: 'colliders_': undeclared identifier
c:\users\link\documents\github\simplegamegl\gameengine\gameengine\sprite.cpp(13): error C2228: left of '.push_back' must have class/struct/union
  c:\users\link\documents\github\simplegamegl\gameengine\gameengine\sprite.cpp(13): note: type is 'unknown-type'
c:\users\link\documents\github\simplegamegl\gameengine\gameengine\sprite.cpp(16): warning C4508: '{ctor}': function should return a value; 'void' return type assumed
c:\users\link\documents\github\simplegamegl\gameengine\gameengine\sprite.cpp(19): error C2027: use of undefined type 'Sprite'
  c:\users\link\documents\github\simplegamegl\gameengine\gameengine\sprite.h(19): note: see declaration of 'Sprite'
c:\users\link\documents\github\simplegamegl\gameengine\gameengine\sprite.cpp(20): error C4430: missing type specifier - int assumed. Note: C++ does not support default-int
c:\users\link\documents\github\simplegamegl\gameengine\gameengine\sprite.cpp(21): error C2550: '{ctor}': constructor initializer lists are only allowed on constructor definitions
c:\users\link\documents\github\simplegamegl\gameengine\gameengine\sprite.cpp(22): error C2355: 'this': can only be referenced inside non-static member functions or non-static data member initializers
c:\users\link\documents\github\simplegamegl\gameengine\gameengine\sprite.cpp(22): error C2661: 'boxCollider::boxCollider': no overloaded function takes 2 arguments
c:\users\link\documents\github\simplegamegl\gameengine\gameengine\sprite.cpp(23): error C2065: 'colliders_': undeclared identifier
c:\users\link\documents\github\simplegamegl\gameengine\gameengine\sprite.cpp(23): error C2228: left of '.push_back' must have class/struct/union
  c:\users\link\documents\github\simplegamegl\gameengine\gameengine\sprite.cpp(23): note: type is 'unknown-type'
c:\users\link\documents\github\simplegamegl\gameengine\gameengine\sprite.cpp(24): error C2355: 'this': can only be referenced inside non-static member functions or non-static data member initializers
c:\users\link\documents\github\simplegamegl\gameengine\gameengine\sprite.cpp(24): error C2227: left of '->setBoundAction' must point to class/struct/union/generic type
c:\users\link\documents\github\simplegamegl\gameengine\gameengine\sprite.cpp(26): error C2355: 'this': can only be referenced inside non-static member functions or non-static data member initializers
c:\users\link\documents\github\simplegamegl\gameengine\gameengine\sprite.cpp(26): error C2227: left of '->name' must point to class/struct/union/generic type
c:\users\link\documents\github\simplegamegl\gameengine\gameengine\sprite.cpp(29): error C2355: 'this': can only be referenced inside non-static member functions or non-static data member initializers
c:\users\link\documents\github\simplegamegl\gameengine\gameengine\sprite.cpp(29): error C2227: left of '->Texture' must point to class/struct/union/generic type
c:\users\link\documents\github\simplegamegl\gameengine\gameengine\sprite.cpp(38): warning C4267: '=': conversion from 'size_t' to 'int', possible loss of data
c:\users\link\documents\github\simplegamegl\gameengine\gameengine\sprite.cpp(41): error C2355: 'this': can only be referenced inside non-static member functions or non-static data member initializers
c:\users\link\documents\github\simplegamegl\gameengine\gameengine\sprite.cpp(43): error C2065: 'Position': undeclared identifier
c:\users\link\documents\github\simplegamegl\gameengine\gameengine\sprite.cpp(44): error C2355: 'this': can only be referenced inside non-static member functions or non-static data member initializers
c:\users\link\documents\github\simplegamegl\gameengine\gameengine\sprite.cpp(44): error C2227: left of '->Size' must point to class/struct/union/generic type
c:\users\link\documents\github\simplegamegl\gameengine\gameengine\sprite.cpp(45): error C2355: 'this': can only be referenced inside non-static member functions or non-static data member initializers
c:\users\link\documents\github\simplegamegl\gameengine\gameengine\sprite.cpp(45): error C2227: left of '->Velocity' must point to class/struct/union/generic type
c:\users\link\documents\github\simplegamegl\gameengine\gameengine\sprite.cpp(46): error C2355: 'this': can only be referenced inside non-static member functions or non-static data member initializers
c:\users\link\documents\github\simplegamegl\gameengine\gameengine\sprite.cpp(46): error C2227: left of '->Color' must point to class/struct/union/generic type
c:\users\link\documents\github\simplegamegl\gameengine\gameengine\sprite.cpp(47): error C2355: 'this': can only be referenced inside non-static member functions or non-static data member initializers
c:\users\link\documents\github\simplegamegl\gameengine\gameengine\sprite.cpp(47): error C2227: left of '->Rotation' must point to class/struct/union/generic type
c:\users\link\documents\github\simplegamegl\gameengine\gameengine\sprite.cpp(48): error C2355: 'this': can only be referenced inside non-static member functions or non-static data member initializers
c:\users\link\documents\github\simplegamegl\gameengine\gameengine\sprite.cpp(48): error C2227: left of '->Texture' must point to class/struct/union/generic type
c:\users\link\documents\github\simplegamegl\gameengine\gameengine\sprite.cpp(49): error C2355: 'this': can only be referenced inside non-static member functions or non-static data member initializers
c:\users\link\documents\github\simplegamegl\gameengine\gameengine\sprite.cpp(49): error C2227: left of '->IsSolid' must point to class/struct/union/generic type
c:\users\link\documents\github\simplegamegl\gameengine\gameengine\sprite.cpp(50): error C2355: 'this': can only be referenced inside non-static member functions or non-static data member initializers
c:\users\link\documents\github\simplegamegl\gameengine\gameengine\sprite.cpp(50): error C2227: left of '->Destroyed' must point to class/struct/union/generic type
c:\users\link\documents\github\simplegamegl\gameengine\gameengine\sprite.cpp(51): error C2355: 'this': can only be referenced inside non-static member functions or non-static data member initializers
c:\users\link\documents\github\simplegamegl\gameengine\gameengine\sprite.cpp(51): error C2227: left of '->collideDebug' must point to class/struct/union/generic type
c:\users\link\documents\github\simplegamegl\gameengine\gameengine\sprite.cpp(53): error C2355: 'this': can only be referenced inside non-static member functions or non-static data member initializers
c:\users\link\documents\github\simplegamegl\gameengine\gameengine\sprite.cpp(53): error C2227: left of '->setState' must point to class/struct/union/generic type
c:\users\link\documents\github\simplegamegl\gameengine\gameengine\sprite.cpp(55): warning C4508: '{ctor}': function should return a value; 'void' return type assumed
c:\users\link\documents\github\simplegamegl\gameengine\gameengine\sprite.cpp(57): error C2027: use of undefined type 'Sprite'
  c:\users\link\documents\github\simplegamegl\gameengine\gameengine\sprite.h(19): note: see declaration of 'Sprite'
c:\users\link\documents\github\simplegamegl\gameengine\gameengine\sprite.cpp(59): error C2355: 'this': can only be referenced inside non-static member functions or non-static data member initializers
c:\users\link\documents\github\simplegamegl\gameengine\gameengine\sprite.cpp(59): error C2227: left of '->getTexture' must point to class/struct/union/generic type
c:\users\link\documents\github\simplegamegl\gameengine\gameengine\sprite.cpp(59): error C2227: left of '->getPosition' must point to class/struct/union/generic type
c:\users\link\documents\github\simplegamegl\gameengine\gameengine\sprite.cpp(59): error C2227: left of '->getSize' must point to class/struct/union/generic type
c:\users\link\documents\github\simplegamegl\gameengine\gameengine\sprite.cpp(59): error C2227: left of '->getRotation' must point to class/struct/union/generic type
c:\users\link\documents\github\simplegamegl\gameengine\gameengine\sprite.cpp(59): error C2227: left of '->getColor' must point to class/struct/union/generic type
c:\users\link\documents\github\simplegamegl\gameengine\gameengine\sprite.cpp(59): error C2660: 'SpriteRenderer::DrawSprite': function does not take 1 arguments
c:\users\link\documents\github\simplegamegl\gameengine\gameengine\sprite.cpp(61): error C2065: 'collideDebug': undeclared identifier
c:\users\link\documents\github\simplegamegl\gameengine\gameengine\sprite.cpp(63): error C3861: 'getColliders': identifier not found
c:\users\link\documents\github\simplegamegl\gameengine\gameengine\sprite.cpp(63): error C2228: left of '.size' must have class/struct/union
  c:\users\link\documents\github\simplegamegl\gameengine\gameengine\sprite.cpp(63): note: type is 'unknown-type'
c:\users\link\documents\github\simplegamegl\gameengine\gameengine\sprite.cpp(66): error C3861: 'getColliders': identifier not found
c:\users\link\documents\github\simplegamegl\gameengine\gameengine\sprite.cpp(66): error C2228: left of '.at' must have class/struct/union
  c:\users\link\documents\github\simplegamegl\gameengine\gameengine\sprite.cpp(66): note: type is 'unknown-type'
c:\users\link\documents\github\simplegamegl\gameengine\gameengine\sprite.cpp(66): error C2227: left of '->getPosX' must point to class/struct/union/generic type
c:\users\link\documents\github\simplegamegl\gameengine\gameengine\sprite.cpp(66): error C2355: 'this': can only be referenced inside non-static member functions or non-static data member initializers
c:\users\link\documents\github\simplegamegl\gameengine\gameengine\sprite.cpp(66): error C2227: left of '->getPosition' must point to class/struct/union/generic type
c:\users\link\documents\github\simplegamegl\gameengine\gameengine\sprite.cpp(66): error C2228: left of '.x' must have class/struct/union
c:\users\link\documents\github\simplegamegl\gameengine\gameengine\sprite.cpp(66): error C2227: left of '->getPosY' must point to class/struct/union/generic type
c:\users\link\documents\github\simplegamegl\gameengine\gameengine\sprite.cpp(66): error C2228: left of '.y' must have class/struct/union
c:\users\link\documents\github\simplegamegl\gameengine\gameengine\sprite.cpp(66): error C2227: left of '->getWidth' must point to class/struct/union/generic type
c:\users\link\documents\github\simplegamegl\gameengine\gameengine\sprite.cpp(66): error C2227: left of '->getHeight' must point to class/struct/union/generic type
c:\users\link\documents\github\simplegamegl\gameengine\gameengine\sprite.cpp(72): error C2027: use of undefined type 'Sprite'
  c:\users\link\documents\github\simplegamegl\gameengine\gameengine\sprite.h(19): note: see declaration of 'Sprite'
c:\users\link\documents\github\simplegamegl\gameengine\gameengine\sprite.cpp(74): error C2355: 'this': can only be referenced inside non-static member functions or non-static data member initializers
c:\users\link\documents\github\simplegamegl\gameengine\gameengine\sprite.cpp(74): error C2227: left of '->colliders_' must point to class/struct/union/generic type
c:\users\link\documents\github\simplegamegl\gameengine\gameengine\sprite.cpp(74): error C2228: left of '.size' must have class/struct/union
c:\users\link\documents\github\simplegamegl\gameengine\gameengine\sprite.cpp(76): error C2355: 'this': can only be referenced inside non-static member functions or non-static data member initializers
c:\users\link\documents\github\simplegamegl\gameengine\gameengine\sprite.cpp(76): error C2227: left of '->colliders_' must point to class/struct/union/generic type
c:\users\link\documents\github\simplegamegl\gameengine\gameengine\sprite.cpp(76): error C2228: left of '.at' must have class/struct/union
c:\users\link\documents\github\simplegamegl\gameengine\gameengine\sprite.cpp(76): error C2227: left of '->collide' must point to class/struct/union/generic type
c:\users\link\documents\github\simplegamegl\gameengine\gameengine\sprite.cpp(82): error C2027: use of undefined type 'Sprite'
  c:\users\link\documents\github\simplegamegl\gameengine\gameengine\sprite.h(19): note: see declaration of 'Sprite'
c:\users\link\documents\github\simplegamegl\gameengine\gameengine\sprite.cpp(84): error C2355: 'this': can only be referenced inside non-static member functions or non-static data member initializers
c:\users\link\documents\github\simplegamegl\gameengine\gameengine\sprite.cpp(84): error C2227: left of '->Position' must point to class/struct/union/generic type
c:\users\link\documents\github\simplegamegl\gameengine\gameengine\sprite.cpp(84): error C2227: left of '->Velocity' must point to class/struct/union/generic type
c:\users\link\documents\github\simplegamegl\gameengine\gameengine\sprite.cpp(86): error C2355: 'this': can only be referenced inside non-static member functions or non-static data member initializers
c:\users\link\documents\github\simplegamegl\gameengine\gameengine\sprite.cpp(86): error C2227: left of '->Position' must point to class/struct/union/generic type
c:\users\link\documents\github\simplegamegl\gameengine\gameengine\sprite.cpp(86): error C2228: left of '.x' must have class/struct/union
c:\users\link\documents\github\simplegamegl\gameengine\gameengine\sprite.cpp(88): error C2355: 'this': can only be referenced inside non-static member functions or non-static data member initializers
c:\users\link\documents\github\simplegamegl\gameengine\gameengine\sprite.cpp(88): error C2227: left of '->Velocity' must point to class/struct/union/generic type
c:\users\link\documents\github\simplegamegl\gameengine\gameengine\sprite.cpp(88): error C2228: left of '.x' must have class/struct/union
c:\users\link\documents\github\simplegamegl\gameengine\gameengine\sprite.cpp(89): error C2355: 'this': can only be referenced inside non-static member functions or non-static data member initializers
c:\users\link\documents\github\simplegamegl\gameengine\gameengine\sprite.cpp(89): error C2227: left of '->Position' must point to class/struct/union/generic type
c:\users\link\documents\github\simplegamegl\gameengine\gameengine\sprite.cpp(89): error C2228: left of '.x' must have class/struct/union
c:\users\link\documents\github\simplegamegl\gameengine\gameengine\sprite.cpp(93): error C2027: use of undefined type 'Sprite'
  c:\users\link\documents\github\simplegamegl\gameengine\gameengine\sprite.h(19): note: see declaration of 'Sprite'
c:\users\link\documents\github\simplegamegl\gameengine\gameengine\sprite.cpp(95): error C2355: 'this': can only be referenced inside non-static member functions or non-static data member initializers
c:\users\link\documents\github\simplegamegl\gameengine\gameengine\sprite.cpp(95): error C2227: left of '->dx' must point to class/struct/union/generic type
c:\users\link\documents\github\simplegamegl\gameengine\gameengine\sprite.cpp(98): error C2027: use of undefined type 'Sprite'
  c:\users\link\documents\github\simplegamegl\gameengine\gameengine\sprite.h(19): note: see declaration of 'Sprite'
c:\users\link\documents\github\simplegamegl\gameengine\gameengine\sprite.cpp(100): error C2355: 'this': can only be referenced inside non-static member functions or non-static data member initializers
c:\users\link\documents\github\simplegamegl\gameengine\gameengine\sprite.cpp(100): error C2227: left of '->dy' must point to class/struct/union/generic type
c:\users\link\documents\github\simplegamegl\gameengine\gameengine\sprite.cpp(103): error C2027: use of undefined type 'Sprite'
  c:\users\link\documents\github\simplegamegl\gameengine\gameengine\sprite.h(19): note: see declaration of 'Sprite'
c:\users\link\documents\github\simplegamegl\gameengine\gameengine\sprite.cpp(106): warning C4244: '=': conversion from 'double' to 'float', possible loss of data
c:\users\link\documents\github\simplegamegl\gameengine\gameengine\sprite.cpp(111): error C2355: 'this': can only be referenced inside non-static member functions or non-static data member initializers
c:\users\link\documents\github\simplegamegl\gameengine\gameengine\sprite.cpp(111): error C2227: left of '->dx' must point to class/struct/union/generic type
c:\users\link\documents\github\simplegamegl\gameengine\gameengine\sprite.cpp(112): error C2355: 'this': can only be referenced inside non-static member functions or non-static data member initializers
c:\users\link\documents\github\simplegamegl\gameengine\gameengine\sprite.cpp(112): error C2227: left of '->dy' must point to class/struct/union/generic type
c:\users\link\documents\github\simplegamegl\gameengine\gameengine\sprite.cpp(115): error C2355: 'this': can only be referenced inside non-static member functions or non-static data member initializers
c:\users\link\documents\github\simplegamegl\gameengine\gameengine\sprite.cpp(115): error C2227: left of '->calcSpeedAngle' must point to class/struct/union/generic type
c:\users\link\documents\github\simplegamegl\gameengine\gameengine\sprite.cpp(118): error C2027: use of undefined type 'Sprite'
  c:\users\link\documents\github\simplegamegl\gameengine\gameengine\sprite.h(19): note: see declaration of 'Sprite'
c:\users\link\documents\github\simplegamegl\gameengine\gameengine\sprite.cpp(122): error C2355: 'this': can only be referenced inside non-static member functions or non-static data member initializers
c:\users\link\documents\github\simplegamegl\gameengine\gameengine\sprite.cpp(122): error C2227: left of '->speed' must point to class/struct/union/generic type
c:\users\link\documents\github\simplegamegl\gameengine\gameengine\sprite.cpp(122): error C2227: left of '->dx' must point to class/struct/union/generic type
c:\users\link\documents\github\simplegamegl\gameengine\gameengine\sprite.cpp(122): error C2227: left of '->dy' must point to class/struct/union/generic type
c:\users\link\documents\github\simplegamegl\gameengine\gameengine\sprite.cpp(123): error C2355: 'this': can only be referenced inside non-static member functions or non-static data member initializers
c:\users\link\documents\github\simplegamegl\gameengine\gameengine\sprite.cpp(123): error C2227: left of '->moveAngle' must point to class/struct/union/generic type
c:\users\link\documents\github\simplegamegl\gameengine\gameengine\sprite.cpp(123): fatal error C1003: error count exceeds 100; stopping compilation
  Shader.cpp
  Scene.cpp
c:\users\link\documents\github\simplegamegl\gameengine\gameengine\sprite.h(19): error C2011: 'Sprite': 'class' type redefinition
  c:\users\link\documents\github\simplegamegl\gameengine\gameengine\sprite.h(19): note: see declaration of 'Sprite'
c:\users\link\documents\github\simplegamegl\gameengine\gameengine\scene.cpp(89): warning C4244: 'initializing': conversion from 'double' to 'GLfloat', possible loss of data
c:\users\link\documents\github\simplegamegl\gameengine\gameengine\scene.cpp(145): warning C4305: 'argument': truncation from 'double' to 'float'
c:\users\link\documents\github\simplegamegl\gameengine\gameengine\scene.cpp(149): warning C4305: 'argument': truncation from 'double' to 'float'
c:\users\link\documents\github\simplegamegl\gameengine\gameengine\scene.cpp(153): warning C4305: 'argument': truncation from 'double' to 'float'
c:\users\link\documents\github\simplegamegl\gameengine\gameengine\scene.cpp(157): warning C4305: 'argument': truncation from 'double' to 'float'
  ResourceManager.cpp
  main.cpp
c:\users\link\documents\github\simplegamegl\gameengine\gameengine\sprite.h(19): error C2011: 'Sprite': 'class' type redefinition
  c:\users\link\documents\github\simplegamegl\gameengine\gameengine\sprite.h(19): note: see declaration of 'Sprite'
c:\users\link\documents\github\simplegamegl\gameengine\gameengine\main.cpp(28): error C2027: use of undefined type 'Sprite'
  c:\users\link\documents\github\simplegamegl\gameengine\gameengine\sprite.h(19): note: see declaration of 'Sprite'
c:\users\link\documents\github\simplegamegl\gameengine\gameengine\main.cpp(29): error C2027: use of undefined type 'Sprite'
  c:\users\link\documents\github\simplegamegl\gameengine\gameengine\sprite.h(19): note: see declaration of 'Sprite'
c:\users\link\documents\github\simplegamegl\gameengine\gameengine\main.cpp(31): error C2027: use of undefined type 'Sprite'
  c:\users\link\documents\github\simplegamegl\gameengine\gameengine\sprite.h(19): note: see declaration of 'Sprite'
c:\users\link\documents\github\simplegamegl\gameengine\gameengine\main.cpp(31): error C2227: left of '->setSpeed' must point to class/struct/union/generic type
c:\users\link\documents\github\simplegamegl\gameengine\gameengine\main.cpp(32): error C2027: use of undefined type 'Sprite'
  c:\users\link\documents\github\simplegamegl\gameengine\gameengine\sprite.h(19): note: see declaration of 'Sprite'
c:\users\link\documents\github\simplegamegl\gameengine\gameengine\main.cpp(32): error C2227: left of '->setMoveAngle' must point to class/struct/union/generic type
c:\users\link\documents\github\simplegamegl\gameengine\gameengine\main.cpp(33): error C2027: use of undefined type 'Sprite'
  c:\users\link\documents\github\simplegamegl\gameengine\gameengine\sprite.h(19): note: see declaration of 'Sprite'
c:\users\link\documents\github\simplegamegl\gameengine\gameengine\main.cpp(33): error C2227: left of '->setState' must point to class/struct/union/generic type
c:\users\link\documents\github\simplegamegl\gameengine\gameengine\main.cpp(34): error C2027: use of undefined type 'Sprite'
  c:\users\link\documents\github\simplegamegl\gameengine\gameengine\sprite.h(19): note: see declaration of 'Sprite'
c:\users\link\documents\github\simplegamegl\gameengine\gameengine\main.cpp(34): error C2227: left of '->setBoundAction' must point to class/struct/union/generic type
c:\users\link\documents\github\simplegamegl\gameengine\gameengine\main.cpp(35): error C2027: use of undefined type 'Sprite'
  c:\users\link\documents\github\simplegamegl\gameengine\gameengine\sprite.h(19): note: see declaration of 'Sprite'
c:\users\link\documents\github\simplegamegl\gameengine\gameengine\main.cpp(35): error C2227: left of '->setBoundAction' must point to class/struct/union/generic type
c:\users\link\documents\github\simplegamegl\gameengine\gameengine\main.cpp(36): error C2027: use of undefined type 'Sprite'
  c:\users\link\documents\github\simplegamegl\gameengine\gameengine\sprite.h(19): note: see declaration of 'Sprite'
c:\users\link\documents\github\simplegamegl\gameengine\gameengine\main.cpp(36): error C2227: left of '->setCollideDebug' must point to class/struct/union/generic type
  GameLevel.cpp
c:\users\link\documents\github\simplegamegl\gameengine\gameengine\sprite.h(19): error C2011: 'Sprite': 'class' type redefinition
  c:\users\link\documents\github\simplegamegl\gameengine\gameengine\sprite.h(19): note: see declaration of 'Sprite'
c:\users\link\documents\github\simplegamegl\gameengine\gameengine\gamelevel.cpp(50): error C2027: use of undefined type 'Sprite'
  c:\users\link\documents\github\simplegamegl\gameengine\gameengine\sprite.h(19): note: see declaration of 'Sprite'
c:\users\link\documents\github\simplegamegl\gameengine\gameengine\gamelevel.cpp(50): error C2228: left of '.Destroyed' must have class/struct/union
c:\users\link\documents\github\simplegamegl\gameengine\gameengine\gamelevel.cpp(51): error C2027: use of undefined type 'Sprite'
  c:\users\link\documents\github\simplegamegl\gameengine\gameengine\sprite.h(19): note: see declaration of 'Sprite'
c:\users\link\documents\github\simplegamegl\gameengine\gameengine\gamelevel.cpp(51): error C2228: left of '.Draw' must have class/struct/union
c:\users\link\documents\github\simplegamegl\gameengine\gameengine\gamelevel.cpp(57): error C2027: use of undefined type 'Sprite'
  c:\users\link\documents\github\simplegamegl\gameengine\gameengine\sprite.h(19): note: see declaration of 'Sprite'
c:\users\link\documents\github\simplegamegl\gameengine\gameengine\gamelevel.cpp(57): error C2228: left of '.IsSolid' must have class/struct/union
c:\users\link\documents\github\simplegamegl\gameengine\gameengine\gamelevel.cpp(57): error C2228: left of '.Destroyed' must have class/struct/union
c:\users\link\documents\github\simplegamegl\gameengine\gameengine\gamelevel.cpp(65): warning C4267: 'initializing': conversion from 'size_t' to 'GLuint', possible loss of data
c:\users\link\documents\github\simplegamegl\gameengine\gameengine\gamelevel.cpp(66): warning C4267: 'initializing': conversion from 'size_t' to 'GLuint', possible loss of data
c:\users\link\documents\github\simplegamegl\gameengine\gameengine\gamelevel.cpp(67): warning C4244: 'initializing': conversion from 'GLuint' to 'GLfloat', possible loss of data
  collider.cpp
c:\users\link\documents\github\simplegamegl\gameengine\gameengine\collider.h(17): error C2653: 'glm': is not a class or namespace name
c:\users\link\documents\github\simplegamegl\gameengine\gameengine\collider.h(17): error C3646: 'getSpritePos': unknown override specifier
c:\users\link\documents\github\simplegamegl\gameengine\gameengine\collider.h(17): error C2059: syntax error: ')'
c:\users\link\documents\github\simplegamegl\gameengine\gameengine\collider.h(17): error C2334: unexpected token(s) preceding '{'; skipping apparent function body
c:\users\link\documents\github\simplegamegl\gameengine\gameengine\collider.h(18): error C2653: 'glm': is not a class or namespace name
c:\users\link\documents\github\simplegamegl\gameengine\gameengine\collider.h(18): error C3646: 'getSpriteSize': unknown override specifier
c:\users\link\documents\github\simplegamegl\gameengine\gameengine\collider.h(18): error C2059: syntax error: ')'
c:\users\link\documents\github\simplegamegl\gameengine\gameengine\collider.h(18): error C2334: unexpected token(s) preceding '{'; skipping apparent function body
  circleCollider.cpp
c:\users\link\documents\github\simplegamegl\gameengine\gameengine\collider.h(17): error C2653: 'glm': is not a class or namespace name
c:\users\link\documents\github\simplegamegl\gameengine\gameengine\collider.h(17): error C3646: 'getSpritePos': unknown override specifier
c:\users\link\documents\github\simplegamegl\gameengine\gameengine\collider.h(17): error C2059: syntax error: ')'
c:\users\link\documents\github\simplegamegl\gameengine\gameengine\collider.h(17): error C2334: unexpected token(s) preceding '{'; skipping apparent function body
c:\users\link\documents\github\simplegamegl\gameengine\gameengine\collider.h(18): error C2653: 'glm': is not a class or namespace name
c:\users\link\documents\github\simplegamegl\gameengine\gameengine\collider.h(18): error C3646: 'getSpriteSize': unknown override specifier
c:\users\link\documents\github\simplegamegl\gameengine\gameengine\collider.h(18): error C2059: syntax error: ')'
c:\users\link\documents\github\simplegamegl\gameengine\gameengine\collider.h(18): error C2334: unexpected token(s) preceding '{'; skipping apparent function body
  boxCollider.cpp
c:\users\link\documents\github\simplegamegl\gameengine\gameengine\collider.h(17): error C2653: 'glm': is not a class or namespace name
c:\users\link\documents\github\simplegamegl\gameengine\gameengine\collider.h(17): error C3646: 'getSpritePos': unknown override specifier
c:\users\link\documents\github\simplegamegl\gameengine\gameengine\collider.h(17): error C2059: syntax error: ')'
c:\users\link\documents\github\simplegamegl\gameengine\gameengine\collider.h(17): error C2334: unexpected token(s) preceding '{'; skipping apparent function body
c:\users\link\documents\github\simplegamegl\gameengine\gameengine\collider.h(18): error C2653: 'glm': is not a class or namespace name
c:\users\link\documents\github\simplegamegl\gameengine\gameengine\collider.h(18): error C3646: 'getSpriteSize': unknown override specifier
c:\users\link\documents\github\simplegamegl\gameengine\gameengine\collider.h(18): error C2059: syntax error: ')'
c:\users\link\documents\github\simplegamegl\gameengine\gameengine\collider.h(18): error C2334: unexpected token(s) preceding '{'; skipping apparent function body
c:\users\link\documents\github\simplegamegl\gameengine\gameengine\boxcollider.cpp(35): error C2039: 'getSpritePos': is not a member of 'boxCollider'
  c:\users\link\documents\github\simplegamegl\gameengine\gameengine\boxcollider.h(7): note: see declaration of 'boxCollider'
c:\users\link\documents\github\simplegamegl\gameengine\gameengine\boxcollider.cpp(35): error C2228: left of '.x' must have class/struct/union
c:\users\link\documents\github\simplegamegl\gameengine\gameengine\boxcollider.cpp(35): error C2039: 'getSpritePos': is not a member of 'collider'
  c:\users\link\documents\github\simplegamegl\gameengine\gameengine\collider.h(7): note: see declaration of 'collider'
c:\users\link\documents\github\simplegamegl\gameengine\gameengine\boxcollider.cpp(36): error C2039: 'getSpritePos': is not a member of 'collider'
  c:\users\link\documents\github\simplegamegl\gameengine\gameengine\collider.h(7): note: see declaration of 'collider'
c:\users\link\documents\github\simplegamegl\gameengine\gameengine\boxcollider.cpp(36): error C2228: left of '.x' must have class/struct/union
c:\users\link\documents\github\simplegamegl\gameengine\gameengine\boxcollider.cpp(36): error C2039: 'getSpritePos': is not a member of 'boxCollider'
  c:\users\link\documents\github\simplegamegl\gameengine\gameengine\boxcollider.h(7): note: see declaration of 'boxCollider'
c:\users\link\documents\github\simplegamegl\gameengine\gameengine\boxcollider.cpp(38): error C2039: 'getSpritePos': is not a member of 'boxCollider'
  c:\users\link\documents\github\simplegamegl\gameengine\gameengine\boxcollider.h(7): note: see declaration of 'boxCollider'
c:\users\link\documents\github\simplegamegl\gameengine\gameengine\boxcollider.cpp(38): error C2228: left of '.y' must have class/struct/union
c:\users\link\documents\github\simplegamegl\gameengine\gameengine\boxcollider.cpp(38): error C2039: 'getSpritePos': is not a member of 'collider'
  c:\users\link\documents\github\simplegamegl\gameengine\gameengine\collider.h(7): note: see declaration of 'collider'
c:\users\link\documents\github\simplegamegl\gameengine\gameengine\boxcollider.cpp(39): error C2039: 'getSpritePos': is not a member of 'collider'
  c:\users\link\documents\github\simplegamegl\gameengine\gameengine\collider.h(7): note: see declaration of 'collider'
c:\users\link\documents\github\simplegamegl\gameengine\gameengine\boxcollider.cpp(39): error C2228: left of '.y' must have class/struct/union
c:\users\link\documents\github\simplegamegl\gameengine\gameengine\boxcollider.cpp(39): error C2039: 'getSpriteSize': is not a member of 'collider'
  c:\users\link\documents\github\simplegamegl\gameengine\gameengine\collider.h(7): note: see declaration of 'collider'
c:\users\link\documents\github\simplegamegl\gameengine\gameengine\boxcollider.cpp(39): error C2039: 'getSpritePos': is not a member of 'boxCollider'
  c:\users\link\documents\github\simplegamegl\gameengine\gameengine\boxcollider.h(7): note: see declaration of 'boxCollider'
  AbstractSprite.cpp
c:\users\link\documents\github\simplegamegl\gameengine\gameengine\collider.h(17): error C2653: 'glm': is not a class or namespace name
c:\users\link\documents\github\simplegamegl\gameengine\gameengine\collider.h(17): error C3646: 'getSpritePos': unknown override specifier
c:\users\link\documents\github\simplegamegl\gameengine\gameengine\collider.h(17): error C2059: syntax error: ')'
c:\users\link\documents\github\simplegamegl\gameengine\gameengine\collider.h(17): error C2334: unexpected token(s) preceding '{'; skipping apparent function body
c:\users\link\documents\github\simplegamegl\gameengine\gameengine\collider.h(18): error C2653: 'glm': is not a class or namespace name
c:\users\link\documents\github\simplegamegl\gameengine\gameengine\collider.h(18): error C3646: 'getSpriteSize': unknown override specifier
c:\users\link\documents\github\simplegamegl\gameengine\gameengine\collider.h(18): error C2059: syntax error: ')'
c:\users\link\documents\github\simplegamegl\gameengine\gameengine\collider.h(18): error C2334: unexpected token(s) preceding '{'; skipping apparent function body
  Generating Code...
